[2024-12-25 01:35:50] ----- API register completed -----
[2024-12-25 08:13:34] ----- Completed -----
[2024-12-25 08:13:34] Sending data to Favored CRM for order #174
[2024-12-25 08:13:34] ----- Completed -----
[2024-12-25 08:13:33] Sending data to Favored CRM for order #174
[2024-12-25 08:12:49] ----- Completed -----
[2024-12-25 08:12:48] Sending data to Favored CRM for order #175
[2024-12-25 08:11:56] ----- Completed -----
[2024-12-25 08:11:56] Sending data to Favored CRM for order #175
[2024-12-25 08:11:40] ----- Completed -----
[2024-12-25 08:11:40] Sending data to Favored CRM for order #175
[2024-12-25 08:11:40] ----- Completed -----
[2024-12-25 08:11:40] Sending data to Favored CRM for order #175
[2024-12-25 08:09:19] ----- Completed -----
[2024-12-25 08:09:19] Sending data to Favored CRM for order #175
[2024-12-25 08:09:19] ----- Completed -----
[2024-12-25 08:09:19] Sending data to Favored CRM for order #175
[2024-12-25 08:08:18] ----- Completed -----
[2024-12-25 08:08:18] Sending data to Favored CRM for order #175
[2024-12-25 08:07:03] ----- Completed -----
[2024-12-25 08:07:03] Sending data to Favored CRM for order #175
[2024-12-25 08:05:30] ----- Completed -----
[2024-12-25 08:05:30] Sending data to Favored CRM for order #175
[2024-12-25 08:04:52] ----- Completed -----
[2024-12-25 08:04:52] Sending data to Favored CRM for order #175
[2024-12-25 08:04:35] ----- Completed -----
[2024-12-25 08:04:35] Sending data to Favored CRM for order #175
[2024-12-25 07:33:40] ----- Completed -----
[2024-12-25 07:33:40] Sending data to Favored CRM for order #178
[2024-12-25 07:33:22] ----- Completed -----
[2024-12-25 07:33:21] Sending data to Favored CRM for order #178
[2024-12-25 05:49:07] ----- Completed -----
[2024-12-25 05:49:07] Response: {"rewardTransaction":[{"id":262,"member":{"id":117,"code":null,"brand":null,"outlet":{"name":"","address":"","phone":"","latitude":null,"longitude":null},"name":"Chris","phone":"61034412","secondaryPhone":null,"email":null,"points":16877,"stamps":16317,"uuid":"0c91512f-e66e-4cb0-84e4-709dfad58173","membershipTier":{"id":8,"name":"Premium","spendingCount":1,"totalSpendingAmount":"10000.00","description":"","multiplier":"1.00","discount":"50.00","priority":2,"isUpgradeable":true,"createdAt":"2024-01-24T06:53:54.925702+08:00","updatedAt":"2024-12-09T09:33:47.855973+08:00"},"giftVouchers":[],"referralMember":null,"birthMonthAndDay":null,"gender":null,"ageRange":null,"hashtags":[],"status":"ACTIVE","agreeToReceivePromotion":true,"dependents":[],"agent":null,"servicePackage":null,"physicalCardId":null,"expiryDate":null,"source":null,"cashRewards":0,"createdAt":"2024-12-07T12:02:58.390853+08:00","updatedAt":"2024-12-25T13:46:28.818536+08:00"},"transactionType":"PURCHASE","points":"140.00","stamps":0,"staff":0,"rewardScheme":{"id":24,"name":"scheme0333","amount":"1.00","points":"1.00","stamps":"0.00","description":"scheme0333","isDefault":true,"sku":null,"createdAt":"2024-11-18T11:45:41.584241+08:00","updatedAt":"2024-11-22T14:19:57.586259+08:00"},"rewardRedemption":null,"spendingRecord":{"id":109,"brand":null,"outlet":1,"amount":"140.00","reference":"API_ORDER","referenceId":"177","referenceObject":null,"staff":0,"ocrResult":null,"rewardScheme":24,"status":"PENDING","uuid":"7f3d1d3c-89cf-4760-ab9f-1feb5a756fcf","transactionDate":"2024-12-25T05:48:52.440935Z","createdAt":"2024-12-25T13:48:52.442514+08:00","updatedAt":"2024-12-25T13:48:52.442548+08:00"},"signatureImage":null,"reference":"","createdAt":"2024-12-25T13:49:06.807238+08:00","updatedAt":"2024-12-25T13:49:06.807263+08:00"}],"spendingRecord":{"id":109,"brand":null,"outlet":1,"member":{"id":117,"code":null,"brand":null,"outlet":{"name":"","address":"","phone":"","latitude":null,"longitude":null},"name":"Chris","phone":"61034412","secondaryPhone":null,"email":null,"points":16877,"stamps":16317,"uuid":"0c91512f-e66e-4cb0-84e4-709dfad58173","membershipTier":{"id":8,"name":"Premium","spendingCount":1,"totalSpendingAmount":"10000.00","description":"","multiplier":"1.00","discount":"50.00","priority":2,"isUpgradeable":true,"createdAt":"2024-01-24T06:53:54.925702+08:00","updatedAt":"2024-12-09T09:33:47.855973+08:00"},"giftVouchers":[],"referralMember":null,"birthMonthAndDay":null,"gender":null,"ageRange":null,"hashtags":[],"status":"ACTIVE","agreeToReceivePromotion":true,"dependents":[],"agent":null,"servicePackage":null,"physicalCardId":null,"expiryDate":null,"source":null,"cashRewards":0,"createdAt":"2024-12-07T12:02:58.390853+08:00","updatedAt":"2024-12-25T13:46:28.818536+08:00"},"amount":"140.00","reference":"API_ORDER","referenceId":"177","referenceObject":null,"staff":0,"ocrResult":null,"rewardScheme":24,"status":"PROCESSED","uuid":"7f3d1d3c-89cf-4760-ab9f-1feb5a756fcf","transactionDate":"2024-12-25T05:48:52.440935Z","createdAt":"2024-12-25T13:48:52.442514+08:00","updatedAt":"2024-12-25T13:49:06.977257+08:00"}}
[2024-12-25 05:49:06] Sending data to Favored CRM for order #177
[2024-12-25 05:48:52] ----- Completed -----
[2024-12-25 05:48:52] Sending data to Favored CRM for order #177
[2024-12-25 05:46:28] ----- Completed -----
[2024-12-25 05:46:28] Sending data to Favored CRM for order #176
[2024-12-25 05:45:47] ----- Completed -----
[2024-12-25 05:45:46] Sending data to Favored CRM for order #176
[2024-12-25 05:37:37] ----- Completed -----
[2024-12-25 05:37:35] Sending data to Favored CRM for order #176
[2024-12-25 05:26:01] ----- Completed -----
[2024-12-25 05:26:01] Response: {"id":108,"brand":null,"outlet":1,"member":{"id":117,"code":null,"brand":null,"outlet":{"name":"","address":"","phone":"","latitude":null,"longitude":null},"name":"Chris","phone":"61034412","secondaryPhone":null,"email":null,"points":16317.0,"stamps":16317,"uuid":"0c91512f-e66e-4cb0-84e4-709dfad58173","membershipTier":{"id":1,"name":"VIP","spendingCount":0,"totalSpendingAmount":"0.00","description":null,"multiplier":"1.00","discount":"0.00","priority":0,"isUpgradeable":true,"createdAt":"2024-01-14T13:06:22.133404+08:00","updatedAt":"2024-06-09T13:56:08.947399+08:00"},"giftVouchers":[],"referralMember":null,"birthMonthAndDay":null,"gender":null,"ageRange":null,"hashtags":[],"status":"ACTIVE","agreeToReceivePromotion":true,"dependents":[],"agent":null,"servicePackage":null,"physicalCardId":null,"expiryDate":null,"source":null,"cashRewards":0,"createdAt":"2024-12-07T12:02:58.390853+08:00","updatedAt":"2024-12-07T12:02:58.390879+08:00"},"amount":"140.00","reference":"API_ORDER","referenceId":"176","referenceObject":null,"staff":0,"ocrResult":null,"rewardScheme":24,"status":"PENDING","uuid":"9aade7e2-8ae5-4eef-8689-6a308410705d","transactionDate":"2024-12-25T13:26:01.743667","createdAt":"2024-12-25T13:26:01.744593+08:00","updatedAt":"2024-12-25T13:26:01.744661+08:00"}
[2024-12-25 05:26:01] Sending data to Favored CRM for order #176
[2024-12-25 05:24:52] Sending data to Favored CRM for order #175
[2024-12-25 05:22:52] Response: "{\"id\":106,\"brand\":null,\"outlet\":1,\"member\":{\"id\":117,\"code\":null,\"brand\":null,\"outlet\":{\"name\":\"\",\"address\":\"\",\"phone\":\"\",\"latitude\":null,\"longitude\":null},\"name\":\"Chris\",\"phone\":\"61034412\",\"secondaryPhone\":null,\"email\":null,\"points\":16317.0,\"stamps\":16317,\"uuid\":\"0c91512f-e66e-4cb0-84e4-709dfad58173\",\"membershipTier\":{\"id\":1,\"name\":\"VIP\",\"spendingCount\":0,\"totalSpendingAmount\":\"0.00\",\"description\":null,\"multiplier\":\"1.00\",\"discount\":\"0.00\",\"priority\":0,\"isUpgradeable\":true,\"createdAt\":\"2024-01-14T13:06:22.133404+08:00\",\"updatedAt\":\"2024-06-09T13:56:08.947399+08:00\"},\"giftVouchers\":[],\"referralMember\":null,\"birthMonthAndDay\":null,\"gender\":null,\"ageRange\":null,\"hashtags\":[],\"status\":\"ACTIVE\",\"agreeToReceivePromotion\":true,\"dependents\":[],\"agent\":null,\"servicePackage\":null,\"physicalCardId\":null,\"expiryDate\":null,\"source\":null,\"cashRewards\":0,\"createdAt\":\"2024-12-07T12:02:58.390853+08:00\",\"updatedAt\":\"2024-12-07T12:02:58.390879+08:00\"},\"amount\":\"140.00\",\"reference\":\"API_ORDER\",\"referenceId\":\"174\",\"referenceObject\":null,\"staff\":0,\"ocrResult\":null,\"rewardScheme\":24,\"status\":\"PENDING\",\"uuid\":\"f6de40c0-487f-47a8-b6af-e483b662058c\",\"transactionDate\":\"2024-12-25T13:22:52.059768\",\"createdAt\":\"2024-12-25T13:22:52.061922+08:00\",\"updatedAt\":\"2024-12-25T13:22:52.062030+08:00\"}"
[2024-12-25 05:22:51] Sending data to Favored CRM for order #174
[2024-12-25 05:21:01] Response: 
[2024-12-25 05:21:01] Sending data to Favored CRM for order #173
[2024-12-25 05:19:41] ----- Completed -----
[2024-12-25 05:19:41] Sending data to Favored CRM for order #172
[2024-12-25 02:26:37] ----- Completed -----
[2024-12-25 02:26:37] Sending data to Favored CRM for order #171
[2024-12-25 02:26:10] ----- Completed -----
[2024-12-25 02:26:10] Sending data to Favored CRM for order #170
[2024-12-25 02:25:03] Something went wrong: cURL error 6: Could not resolve host: dev.favcrm.iov3
[2024-12-25 02:25:03] Sending data to Favored CRM for order #169
[2024-12-25 02:20:18] Sending data to Favored CRM for order #168
[2024-12-24 10:40:41] ----- Completed -----
[2024-12-24 10:40:41] Sending data to Favored CRM for order #167
[2024-12-24 10:36:55] ----- Completed -----
[2024-12-24 10:36:55] Sending data to Favored CRM for order #167
[2024-12-24 10:36:02] ----- Completed -----
[2024-12-24 10:36:02] Response code: 500
[2024-12-24 10:36:01] Sending data to Favored CRM for order #167
[2024-12-24 10:35:51] ----- Completed -----
[2024-12-24 10:35:49] Member (#e70e4b76-4562-4004-9af5-c74350aaca06) used cash rewards: 12
[2024-12-24 10:35:49] ----- Syncing cash rewards to FavCRM -----
[2024-12-24 08:28:02] ----- Completed -----
[2024-12-24 08:28:02] Response code: 201
[2024-12-24 08:28:02] Sending data to Favored CRM for order #166
[2024-12-24 08:25:15] ----- Completed -----
[2024-12-24 08:25:15] Response code: 201
[2024-12-24 08:25:15] Sending data to Favored CRM for order #165
[2024-12-24 08:22:10] ----- Completed -----
[2024-12-24 08:22:10] Error: 
[2024-12-24 08:22:10] Response code: 400
[2024-12-24 08:22:10] Sending data to Favored CRM for order #164
[2024-12-24 08:14:31] ----- Completed -----
[2024-12-24 08:14:30] Member (#e70e4b76-4562-4004-9af5-c74350aaca06) used cash rewards: -1
[2024-12-24 08:14:30] ----- Syncing cash rewards to FavCRM -----
[2024-12-24 08:14:27] ----- Completed -----
[2024-12-24 08:14:26] Member (#e70e4b76-4562-4004-9af5-c74350aaca06) used cash rewards: 1
[2024-12-24 08:14:26] ----- Syncing cash rewards to FavCRM -----
[2024-12-24 08:13:43] ----- Completed -----
[2024-12-24 08:13:43] Member (#e70e4b76-4562-4004-9af5-c74350aaca06) used cash rewards: 0
[2024-12-24 08:13:43] ----- Syncing cash rewards to FavCRM -----
[2024-12-24 07:50:15] ----- Completed -----
[2024-12-24 07:50:14] member #e70e4b76-4562-4004-9af5-c74350aaca06 used cash rewards: 1
