[24:03:04 02:27:38] Sending data to Favored CRM for order #483
[24:03:04 02:27:38] {"name":null,"phone":null,"amount":"195","order_id":483,"data":"{\"subtotal\":195,\"discount\":\"0\",\"total\":\"195\",\"order_id\":483,\"items\":[{\"name\":\"[ \\u4e00\\u5347\\u74f6 ] \\u6b66\\u85cf\\u7537\\u5c71 \\u6e05\\u9152\",\"quantity\":1,\"price\":\"195\"}],\"coupons\":[]}"}
[24:03:04 02:27:38] ----- Completed -----
[24:03:04 07:01:13] Sending data to Favored CRM for order #481
[24:03:04 07:01:13] {"name":null,"phone":null,"amount":"46","order_id":481,"data":"{\"subtotal\":146,\"discount\":\"100\",\"total\":\"46\",\"order_id\":481,\"items\":[{\"name\":\"\\u5317\\u79cb\\u7530 \\u7d14\\u7c73\\u5927\\u541f\\u91c0\",\"quantity\":1,\"price\":\"146\"}],\"coupons\":[{\"name\":\"3dl5n1k9\",\"amount\":\"100\"}]}"}
[24:03:04 07:01:13] ----- Completed -----
[24:03:04 07:03:10] Sending data to Favored CRM for order #483
[24:03:04 07:03:10] {"name":null,"phone":null,"amount":"195","order_id":483,"data":"{\"subtotal\":195,\"discount\":\"0\",\"total\":\"195\",\"order_id\":483,\"items\":[{\"name\":\"[ \\u4e00\\u5347\\u74f6 ] \\u6b66\\u85cf\\u7537\\u5c71 \\u6e05\\u9152\",\"quantity\":1,\"price\":\"195\"}],\"coupons\":[]}"}
[24:03:04 07:03:10] 
[24:03:04 07:03:10] ----- Completed -----
[24:03:04 07:03:27] Sending data to Favored CRM for order #483
[24:03:04 07:03:27] {"name":null,"phone":null,"amount":"195","order_id":483,"data":"{\"subtotal\":195,\"discount\":\"0\",\"total\":\"195\",\"order_id\":483,\"items\":[{\"name\":\"[ \\u4e00\\u5347\\u74f6 ] \\u6b66\\u85cf\\u7537\\u5c71 \\u6e05\\u9152\",\"quantity\":1,\"price\":\"195\"}],\"coupons\":[]}"}
[24:03:04 07:03:27] Array
[24:03:04 07:03:27] ----- Completed -----
[24:03:04 07:03:41] Sending data to Favored CRM for order #483
[24:03:04 07:03:41] {"name":null,"phone":null,"amount":"195","order_id":483,"data":"{\"subtotal\":195,\"discount\":\"0\",\"total\":\"195\",\"order_id\":483,\"items\":[{\"name\":\"[ \\u4e00\\u5347\\u74f6 ] \\u6b66\\u85cf\\u7537\\u5c71 \\u6e05\\u9152\",\"quantity\":1,\"price\":\"195\"}],\"coupons\":[]}"}
[24:03:04 07:03:41] 1
[24:03:04 07:03:41] ----- Completed -----
[24:03:04 07:04:07] Sending data to Favored CRM for order #483
[24:03:04 07:04:07] {"name":null,"phone":null,"amount":"195","order_id":483,"data":"{\"subtotal\":195,\"discount\":\"0\",\"total\":\"195\",\"order_id\":483,\"items\":[{\"name\":\"[ \\u4e00\\u5347\\u74f6 ] \\u6b66\\u85cf\\u7537\\u5c71 \\u6e05\\u9152\",\"quantity\":1,\"price\":\"195\"}],\"coupons\":[]}"}
[24:03:04 07:04:07] 
[24:03:04 07:04:07] ----- Completed -----
[24:03:04 07:04:59] Sending data to Favored CRM for order #483
[24:03:04 07:04:59] {"name":null,"phone":null,"amount":"195","order_id":483,"data":"{\"subtotal\":195,\"discount\":\"0\",\"total\":\"195\",\"order_id\":483,\"items\":[{\"name\":\"[ \\u4e00\\u5347\\u74f6 ] \\u6b66\\u85cf\\u7537\\u5c71 \\u6e05\\u9152\",\"quantity\":1,\"price\":\"195\"}],\"coupons\":[]}"}
[24:03:04 07:08:34] Sending data to Favored CRM for order #483
[24:03:04 07:08:34] {"name":"Chris","phone":"61034412","amount":"195","order_id":483,"data":"{\"subtotal\":195,\"discount\":\"0\",\"total\":\"195\",\"order_id\":483,\"items\":[{\"name\":\"[ \\u4e00\\u5347\\u74f6 ] \\u6b66\\u85cf\\u7537\\u5c71 \\u6e05\\u9152\",\"quantity\":1,\"price\":\"195\"}],\"coupons\":[]}"}
[24:03:27 12:24:50] ----- Completed -----
[24:03:27 01:52:00] ----- API register completed -----
[24:03:27 01:52:10] ----- API register completed -----
[24:03:27 01:52:14] ----- API register completed -----
[24:03:27 02:00:31] ----- API register completed -----
[24:03:27 02:01:41] Sending data to Favored CRM for order #483
[24:03:27 02:01:41] {"name":"Chris","phone":"61034412","amount":"195","order_id":483,"data":"{\"subtotal\":195,\"discount\":\"0\",\"total\":\"195\",\"order_id\":483,\"items\":[{\"name\":\"[ \\u4e00\\u5347\\u74f6 ] \\u6b66\\u85cf\\u7537\\u5c71 \\u6e05\\u9152\",\"quantity\":1,\"price\":\"195\"}],\"coupons\":[]}"}
[24:03:27 02:01:41] Response code: 202
[24:03:27 02:01:41] ----- Completed -----
[24:03:27 02:15:34] ----- API register completed -----
[24:03:27 05:00:30] ----- API register completed -----
[24:07:09 11:13:06] ----- API register completed -----
[24:07:12 08:05:31] Sending data to Favored CRM for order #127
[24:07:12 08:05:31] {"name":"Chris","phone":"","amount":"280","order_id":127,"data":"{\"subtotal\":280,\"discount\":\"0\",\"total\":\"280\",\"order_id\":127,\"items\":[{\"name\":\"\\u592a\\u6b72\\u8089\\u9748\\u829d\\u738b\\u751f\\u547d\\u6db2100\\u6beb\\u5347\",\"quantity\":1,\"price\":\"280\"}],\"coupons\":[]}","member_id":"78848aa0-74bd-4278-893f-5b71d1fb6bcf"}
[24:07:12 08:05:31] Response code: 400
[24:07:12 08:05:31] ----- Completed -----
[24:07:12 08:08:15] Sending data to Favored CRM for order #127
[24:07:12 08:08:15] {"name":"Chris","phone":"61034412","amount":"280","order_id":127,"data":"{\"subtotal\":280,\"discount\":\"0\",\"total\":\"280\",\"order_id\":127,\"items\":[{\"name\":\"\\u592a\\u6b72\\u8089\\u9748\\u829d\\u738b\\u751f\\u547d\\u6db2100\\u6beb\\u5347\",\"quantity\":1,\"price\":\"280\"}],\"coupons\":[]}","member_id":"78848aa0-74bd-4278-893f-5b71d1fb6bcf"}
[24:07:12 08:08:15] Response code: 201
[24:07:12 08:08:15] ----- Completed -----
[2024-12-09 04:14:02] Sending data to Favored CRM for order #151
[2024-12-09 04:14:02] {"name":"a","phone":"","amount":"277","order_id":151,"data":"{\"subtotal\":280,\"discount\":\"0\",\"total\":\"277\",\"order_id\":151,\"items\":[{\"name\":\"\\u592a\\u6b72\\u8089\\u9748\\u829d\\u738b\\u751f\\u547d\\u6db2100\\u6beb\\u5347\",\"quantity\":1,\"price\":\"280\"}],\"coupons\":[]}","member_id":"e70e4b76-4562-4004-9af5-c74350aaca06"}
[2024-12-09 04:14:02] Response code: 400
[2024-12-09 04:14:02] ----- Completed -----
[2024-12-09 12:40:13] Sending data to Favored CRM for order #147
[2024-12-09 12:40:13] {"name":"a","phone":"","amount":"278","order_id":147,"data":"{\"subtotal\":280,\"discount\":\"0\",\"total\":\"278\",\"order_id\":147,\"items\":[{\"name\":\"\\u592a\\u6b72\\u8089\\u9748\\u829d\\u738b\\u751f\\u547d\\u6db2100\\u6beb\\u5347\",\"quantity\":1,\"price\":\"280\"}],\"coupons\":[]}","member_id":"e70e4b76-4562-4004-9af5-c74350aaca06"}
[2024-12-09 12:40:14] Response code: 400
[2024-12-09 12:40:14] Error: 
[2024-12-09 12:40:14] ----- Completed -----
